0 info it worked if it ends with ok
1 verbose cli [ 'C:\\Program Files\\nodejs\\node.exe',
1 verbose cli   'C:\\Program Files\\nodejs\\node_modules\\npm\\bin\\npm-cli.js',
1 verbose cli   'run',
1 verbose cli   'dev' ]
2 info using npm@2.9.1
3 info using node@v4.4.7
4 verbose run-script [ 'predev', 'dev', 'postdev' ]
5 info predev vue@1.0.0
6 info dev vue@1.0.0
7 verbose unsafe-perm in lifecycle true
8 info vue@1.0.0 Failed to exec dev script
9 verbose stack Error: vue@1.0.0 dev: `npm run dev-test`
9 verbose stack Exit status 1
9 verbose stack     at EventEmitter.<anonymous> (C:\Program Files\nodejs\node_modules\npm\lib\utils\lifecycle.js:213:16)
9 verbose stack     at emitTwo (events.js:87:13)
9 verbose stack     at EventEmitter.emit (events.js:172:7)
9 verbose stack     at ChildProcess.<anonymous> (C:\Program Files\nodejs\node_modules\npm\lib\utils\spawn.js:24:14)
9 verbose stack     at emitTwo (events.js:87:13)
9 verbose stack     at ChildProcess.emit (events.js:172:7)
9 verbose stack     at maybeClose (internal/child_process.js:827:16)
9 verbose stack     at Process.ChildProcess._handle.onexit (internal/child_process.js:211:5)
10 verbose pkgid vue@1.0.0
11 verbose cwd F:\rockey\vue-project
12 error Windows_NT 6.1.7601
13 error argv "C:\\Program Files\\nodejs\\node.exe" "C:\\Program Files\\nodejs\\node_modules\\npm\\bin\\npm-cli.js" "run" "dev"
14 error node v4.4.7
15 error npm  v2.9.1
16 error code ELIFECYCLE
17 error vue@1.0.0 dev: `npm run dev-test`
17 error Exit status 1
18 error Failed at the vue@1.0.0 dev script 'npm run dev-test'.
18 error This is most likely a problem with the vue package,
18 error not with npm itself.
18 error Tell the author that this fails on your system:
18 error     npm run dev-test
18 error You can get their info via:
18 error     npm owner ls vue
18 error There is likely additional logging output above.
19 verbose exit [ 1, true ]
